"../../../../../../Users/V8095238/Documents/GitHub/Rubiks_Cube_Game_Masters/Content/Kieran_Frank/LevelSequence/Open_Door_DarkWoods.uasset" 0
"../../../Engine/Content/EngineMaterials/T_Default_Material_Grid_N.uasset" 1
"../../../Engine/Content/EngineMaterials/T_Default_Material_Grid_M.uasset" 2
"../../../Engine/Content/Functions/Engine_MaterialFunctions01/Opacity/CameraDepthFade.uasset" 3
"../../../Engine/Content/EngineMaterials/WorldGridMaterial.uasset" 4
"../../../Engine/Content/ArtTools/RenderToTexture/Meshes/S_1_Unit_Plane.uasset" 5
"../../../Engine/Content/EngineMaterials/DefaultMaterial.uasset" 6
"../../../Engine/Content/BasicShapes/Cone.uasset" 7
"../../../Engine/Content/BasicShapes/Plane.uasset" 8
"../../../Engine/Content/EditorLandscapeResources/DataLayer.uasset" 9
"../../../Engine/Content/EditorLandscapeResources/DefaultAlphaTexture.uasset" 10
"../../../Engine/Content/EditorMaterials/MAT_Groups_Toggle.uasset" 11
"../../../Engine/Content/EditorMaterials/MAT_Groups_Visibility.uasset" 12
"../../../Engine/Content/EditorMaterials/PreviewShadowIndicator.uasset" 13
"../../../Engine/Content/EditorMaterials/PreviewShadowIndicatorMaterial.uasset" 14
"../../../Engine/Content/EditorMaterials/MatineeGroups/MAT_ColorTrack.uasset" 15
"../../../Engine/Content/EditorMaterials/MatineeGroups/MAT_Groups_Anim.uasset" 16
"../../../Engine/Content/EditorMaterials/MatineeGroups/MAT_Groups_AudioMaster.uasset" 17
"../../../Engine/Content/EditorMaterials/MatineeGroups/MAT_Groups_Director.uasset" 18
"../../../Engine/Content/EditorMaterials/MatineeGroups/MAT_Groups_Event.uasset" 19
"../../../Engine/Content/EditorMaterials/MatineeGroups/MAT_Groups_Fade.uasset" 20
"../../../Engine/Content/EditorMaterials/MatineeGroups/MAT_Groups_Float.uasset" 21
"../../../Engine/Content/EditorMaterials/MatineeGroups/MAT_Groups_Move.uasset" 22
"../../../Engine/Content/EditorMaterials/MatineeGroups/MAT_Groups_Slomo.uasset" 23
"../../../Engine/Content/EditorMaterials/MatineeGroups/MAT_Groups_Sound.uasset" 24
"../../../Engine/Content/EditorMaterials/MatineeGroups/MAT_Groups_Vector.uasset" 25
"../../../Engine/Content/EditorMaterials/ParticleSystems/PSysThumbnail_NoImage.uasset" 26
"../../../Engine/Content/EditorMaterials/ParticleSystems/PSysThumbnail_OOD.uasset" 27
"../../../Engine/Content/EditorMaterials/Camera/CineMat.uasset" 28
"../../../Engine/Content/EditorMaterials/Camera/MI_CineMat_Rig.uasset" 29
"../../../Engine/Content/EditorMeshes/Camera/SM_CraneRig_Arm.uasset" 30
"../../../Engine/Content/EditorMeshes/Camera/SM_CraneRig_Base.uasset" 31
"../../../Engine/Content/EditorMeshes/Camera/SM_CraneRig_Body.uasset" 32
"../../../Engine/Content/EditorMeshes/Camera/SM_CraneRig_Mount.uasset" 33
"../../../Engine/Content/EditorMeshes/Camera/SM_RailRig_Mount.uasset" 34
"../../../Engine/Content/EditorMeshes/Camera/SM_RailRig_Track.uasset" 35
"../../../Engine/Content/EditorResources/BSPVertex.uasset" 36
"../../../Engine/Content/EditorResources/EmptyActor.uasset" 37
"../../../Engine/Content/EditorResources/S_Actor.uasset" 38
"../../../Engine/Content/EditorResources/S_Note.uasset" 39
"../../../Engine/Content/EditorResources/S_Solver.uasset" 40
"../../../Engine/Content/EditorResources/S_Terrain.uasset" 41
"../../../Engine/Content/EditorResources/S_Trigger.uasset" 42
"../../../Engine/Content/EditorResources/LightIcons/S_LightError.uasset" 43
"../../../Engine/Content/EditorResources/SequenceRecorder/Countdown.uasset" 44
"../../../Engine/Content/EditorResources/SequenceRecorder/RecordingIndicator.uasset" 45
"../../../Engine/Content/EngineDamageTypes/DmgTypeBP_Environmental.uasset" 46
"../../../Engine/Content/EngineDebugMaterials/DebugEditorMaterial.uasset" 47
"../../../Engine/Content/EngineDebugMaterials/DebugMeshMaterial.uasset" 48
"../../../Engine/Content/EngineDebugMaterials/M_SimpleUnlitTranslucent.uasset" 49
"../../../Engine/Content/EngineDebugMaterials/VolumeToRender.uasset" 50
"../../../Engine/Content/Functions/Engine_MaterialFunctions02/Utility/CameraDirectionVector.uasset" 51
"../../../Engine/Content/EngineDebugMaterials/M_VolumeRenderSphereTracePP.uasset" 52
"../../../Engine/Content/Functions/Engine_MaterialFunctions01/Shading/ConvertFromDiffSpec.uasset" 53
"../../../Engine/Content/EngineDebugMaterials/VertexColorMaterial.uasset" 54
"../../../Engine/Content/EngineDebugMaterials/WireframeMaterial.uasset" 55
"../../../Engine/Content/EngineFonts/Faces/RobotoRegular.uasset" 56
"../../../Engine/Content/EngineFonts/Faces/RobotoLight.uasset" 57
"../../../Engine/Content/EngineFonts/Faces/RobotoItalic.uasset" 58
"../../../Engine/Content/EngineFonts/Faces/RobotoBoldItalic.uasset" 59
"../../../Engine/Content/EngineFonts/Faces/RobotoBold.uasset" 60
"../../../Engine/Content/EngineFonts/Faces/DroidSansFallback.uasset" 61
"../../../Engine/Content/EngineFonts/Roboto.uasset" 62
"../../../Engine/Content/EngineMaterials/BaseFlattenNormalMap.uasset" 63
"../../../Engine/Content/EngineMaterials/BaseFlattenGrayscaleMap.uasset" 64
"../../../Engine/Content/EngineMaterials/BaseFlattenEmissiveMap.uasset" 65
"../../../Engine/Content/EngineMaterials/BaseFlattenDiffuseMap.uasset" 66
"../../../Engine/Content/EngineMaterials/BaseFlattenMaterial.uasset" 67
"../../../Engine/Content/EngineMaterials/BlueNoise.uasset" 68
"../../../Engine/Content/EngineMaterials/DefaultBloomKernel.uasset" 69
"../../../Engine/Content/EngineMaterials/DefaultBokeh.uasset" 70
"../../../Engine/Content/EngineMaterials/DefaultDiffuse.uasset" 71
"../../../Engine/Content/EngineMaterials/DefaultDeferredDecalMaterial.uasset" 72
"../../../Engine/Content/EngineMaterials/DefaultLightFunctionMaterial.uasset" 73
"../../../Engine/Content/Functions/Engine_MaterialFunctions02/Utility/BreakOutFloat2Components.uasset" 74
"../../../Engine/Content/EngineMaterials/DefaultPostProcessMaterial.uasset" 75
"../../../Engine/Content/EngineFonts/RobotoDistanceField.uasset" 76
"../../../Engine/Content/EngineMaterials/DefaultTextMaterialOpaque.uasset" 77
"../../../Engine/Content/EngineMaterials/DefaultWhiteGrid.uasset" 78
"../../../Engine/Content/EngineMaterials/DefaultWhiteGrid_Low.uasset" 79
"../../../Engine/Content/EngineMaterials/EmissiveMeshMaterial.uasset" 80
"../../../Engine/Content/EngineMaterials/GizmoMaterial.uasset" 81
"../../../Engine/Content/EngineMaterials/Good64x64TilingNoiseHighFreq.uasset" 82
"../../../Engine/Content/EngineMaterials/MiniFont.uasset" 83
"../../../Engine/Content/EngineMaterials/InvalidLightmapSettings.uasset" 84
"../../../Engine/Content/EngineMaterials/M_InvalidLightmapSettings.uasset" 85
"../../../Engine/Content/Functions/Engine_MaterialFunctions02/WorldPositionOffset/CameraOffset.uasset" 86
"../../../Engine/Content/EngineMaterials/PhAT_JointLimitMaterial.uasset" 87
"../../../Engine/Content/EngineMaterials/PreintegratedSkinBRDF.uasset" 88
"../../../Engine/Content/EngineMaterials/RemoveSurfaceMaterial.uasset" 89
"../../../Engine/Content/EngineMaterials/WeightMapPlaceholderTexture.uasset" 90
"../../../Engine/Content/EngineResources/WhiteSquareTexture.uasset" 91
"../../../Engine/Content/EngineMaterials/Widget3DPassThrough.uasset" 92
"../../../Engine/Content/EngineMaterials/Widget3DPassThrough_Masked.uasset" 93
"../../../Engine/Content/EngineMaterials/Widget3DPassThrough_Opaque.uasset" 94
"../../../Engine/Content/EngineMaterials/Widget3DPassThrough_Masked_OneSided.uasset" 95
"../../../Engine/Content/EngineMaterials/Widget3DPassThrough_Opaque_OneSided.uasset" 96
"../../../Engine/Content/EngineMaterials/Widget3DPassThrough_Translucent.uasset" 97
"../../../Engine/Content/EngineMaterials/Widget3DPassThrough_Translucent_OneSided.uasset" 98
"../../../Engine/Content/EngineMeshes/Cylinder.uasset" 99
"../../../Engine/Content/EngineMeshes/Sphere.uasset" 100
"../../../Engine/Content/EngineResources/Black.uasset" 101
"../../../Engine/Content/EngineResources/DefaultTextureCube.uasset" 102
"../../../Engine/Content/EngineResources/DefaultVolumeTexture2D.uasset" 103
"../../../Engine/Content/EngineResources/DefaultVolumeTexture.uasset" 104
"../../../Engine/Content/EngineResources/GradientTexture0.uasset" 105
"../../../Engine/Content/EngineSky/VolumetricClouds/T_NoiseShape64.uasset" 106
"../../../Engine/Content/EngineSky/VolumetricClouds/T_VolumeNoiseShape64.uasset" 107
"../../../Engine/Content/EngineSky/VolumetricClouds/T_NoiseErosion.uasset" 108
"../../../Engine/Content/EngineSky/VolumetricClouds/T_VolumeNoiseErosion32.uasset" 109
"../../../Engine/Content/EngineSky/VolumetricClouds/CloudWeatherTexture.uasset" 110
"../../../Engine/Content/EngineSky/VolumetricClouds/CloudGradientTexture.uasset" 111
"../../../Engine/Content/Functions/Engine_MaterialFunctions02/Utility/MakeFloat2.uasset" 112
"../../../Engine/Content/EngineSky/VolumetricClouds/m_SimpleVolumetricCloud.uasset" 113
"../../../Engine/Content/EngineSky/VolumetricClouds/m_SimpleVolumetricCloud_Inst.uasset" 114
"../../../Engine/Content/EngineSounds/Master.uasset" 115
"../../../Engine/Content/Functions/Engine_MaterialFunctions01/Shading/PowerToRoughness.uasset" 116
"../../../Engine/Content/Maps/Templates/Thumbnails/Default.uasset" 117
"../../../Engine/Content/Maps/Templates/Thumbnails/TimeOfDay.uasset" 118
"../../../Engine/Content/Maps/Templates/Thumbnails/VR-Basic.uasset" 119
"../../../Engine/Content/MobileResources/T_MobileControls_texture.uasset" 120
"../../../Engine/Content/MobileResources/T_MobileMenu2.uasset" 121
"../../../Engine/Content/MobileResources/HUD/AnalogHat.uasset" 122
"../../../Engine/Content/MobileResources/HUD/VirtualJoystick_Thumb.uasset" 123
"../../../Engine/Content/MobileResources/HUD/VirtualJoystick_Background.uasset" 124
"../../../Engine/Content/MobileResources/HUD/DefaultVirtualJoysticks.uasset" 125
"../../../Engine/Content/MobileResources/HUD/LeftVirtualJoystickOnly.uasset" 126
"../../../Engine/Content/MobileResources/HUD/MobileHUDButton1_off.uasset" 127
"../../../Engine/Content/MobileResources/HUD/MobileHUDButton1_on.uasset" 128
"../../../Engine/Content/MobileResources/HUD/MobileHUDButton2_off.uasset" 129
"../../../Engine/Content/MobileResources/HUD/MobileHUDButton2_on.uasset" 130
"../../../Engine/Content/MobileResources/HUD/MobileHUDButton3.uasset" 131
"../../../Engine/Content/MobileResources/HUD/MobileHUDButtonFire.uasset" 132
"../../../Engine/Content/MobileResources/HUD/MobileHUDDirectionPad.uasset" 133
"../../../Engine/Content/MobileResources/HUD/MobileHUDDirectionPad2.uasset" 134
"../../../Engine/Content/MobileResources/HUD/MobileHUDDirectionPad3.uasset" 135
"../../../Engine/Content/MobileResources/HUD/MobileHUDDirectionStick.uasset" 136
"../../../Engine/Content/MobileResources/HUD/T_Castle_ThumbstickInner.uasset" 137
"../../../Engine/Content/MobileResources/HUD/T_Castle_ThumbstickOutter.uasset" 138
"../../../Engine/Content/Tutorial/ContentIntroCurve.uasset" 139
"../../../Engine/Content/VREditor/TransformGizmo/TranslucentTransformGizmoMaterial.uasset" 140
"../../../Engine/Content/VREditor/LaserPointer/VR_LaserPower_01.uasset" 141
"../../../Engine/Content/VREditor/TransformGizmo/TransformGizmoMaterial.uasset" 142
"../../../Engine/Content/VREditor/TransformGizmo/BoundingBoxCorner.uasset" 143
"../../../Engine/Content/VREditor/TransformGizmo/BoundingBoxEdge.uasset" 144
"../../../Engine/Content/VREditor/TransformGizmo/PlaneTranslationHandle.uasset" 145
"../../../Engine/Content/VREditor/TransformGizmo/Xray.uasset" 146
"../../../Engine/Content/VREditor/TransformGizmo/Main.uasset" 147
"../../../Engine/Content/VREditor/TransformGizmo/SM_Sequencer_Key.uasset" 148
"../../../Engine/Content/VREditor/TransformGizmo/SM_Sequencer_Node.uasset" 149
"../../Plugins/2D/Paper2D/Content/PlaceholderTextures/DummySpriteTexture.uasset" 150
"../../Plugins/2D/Paper2D/Content/DummySprite.uasset" 151
"../../Plugins/2D/Paper2D/Content/DefaultPaperTerrainMaterial.uasset" 152
"../../Plugins/2D/Paper2D/Content/DefaultSpriteMaterial.uasset" 153
"../../Plugins/2D/Paper2D/Content/MaskedUnlitSpriteMaterial.uasset" 154
"../../Plugins/2D/Paper2D/Content/OpaqueUnlitSpriteMaterial.uasset" 155
"../../../Engine/Content/Functions/Engine_MaterialFunctions02/Utility/BreakOutFloat3Components.uasset" 156
"../../Plugins/Editor/SpeedTreeImporter/Content/SpeedTree9/UnpackInteger3.uasset" 157
"../../Plugins/Editor/SpeedTreeImporter/Content/SpeedTree9/UnpackDirection.uasset" 158
"../../Plugins/Editor/SpeedTreeImporter/Content/SpeedTree9/game_wind_noise.uasset" 159
"../../../Engine/Content/Functions/Engine_MaterialFunctions02/SafeNormalize.uasset" 160
"../../Plugins/Editor/SpeedTreeImporter/Content/SpeedTree9/SpeedTreeWindMotion.uasset" 161
"../../Plugins/Editor/SpeedTreeImporter/Content/SpeedTree9/SpeedTreeBranchMotion.uasset" 162
"../../../Engine/Content/Functions/Engine_MaterialFunctions02/ObjectLocalBounds.uasset" 163
"../../../Engine/Content/Functions/Engine_MaterialFunctions02/UVs/BoundingBoxBased_0-1_UVW.uasset" 164
"../../Plugins/Editor/SpeedTreeImporter/Content/SpeedTree9/SpeedTreeWind.uasset" 165
"../../Plugins/Editor/SpeedTreeImporter/Content/SpeedTree9/SpeedTreeBillboard.uasset" 166
"../../../Engine/Content/EngineResources/DefaultTexture.uasset" 167
"../../Plugins/Editor/SpeedTreeImporter/Content/SpeedTree9/SpeedTreeBillboardMaster.uasset" 168
"../../Plugins/Editor/SpeedTreeImporter/Content/SpeedTree9/SpeedTreeCameraFacing.uasset" 169
"../../Plugins/Editor/SpeedTreeImporter/Content/SpeedTree9/SpeedTreeMaster.uasset" 170
"../../Plugins/Experimental/Landmass/Content/Landscape/BlueprintBrushes/MPC/MPC_Landscape.uasset" 171
"../../Plugins/Experimental/Water/Content/Curves/FloatCurve.uasset" 172
"../../Plugins/Experimental/Water/Content/Curves/FloatCurve_WaterBodyIsland.uasset" 173
"../../Plugins/Experimental/Water/Content/Materials/MPC/MPC_Water.uasset" 174
"../../Plugins/Experimental/Water/Content/Meshes/LakeMesh.uasset" 175
"../../Plugins/Experimental/Water/Content/Meshes/RiverMesh.uasset" 176
"../../Plugins/Experimental/Water/Content/Waves/GerstnerWaves_Lake.uasset" 177
"../../Plugins/Experimental/Water/Content/Waves/GerstnerWaves_Ocean.uasset" 178
"../../../Engine/Content/BasicShapes/Cylinder.uasset" 179
"../../../Engine/Content/ArtTools/RenderToTexture/Materials/Debug/M_Emissive_Color.uasset" 180
"../../Plugins/Lumin/MagicLeapPassableWorld/Content/MagicLeapARPinInfoActor.uasset" 181
"../../../Engine/Content/Functions/Engine_MaterialFunctions02/Utility/BreakOutFloat4Components.uasset" 182
"../../../Engine/Content/Functions/Engine_MaterialFunctions02/Utility/MakeFloat3.uasset" 183
"../../Plugins/Runtime/Oculus/OculusVR/Content/Materials/OculusMR_ChromaKey.uasset" 184
"../../Plugins/Runtime/Oculus/OculusVR/Content/Materials/OculusMR_OpaqueColoredMaterial.uasset" 185
"../../Plugins/Runtime/Oculus/OculusVR/Content/Materials/PokeAHoleMaterial.uasset" 186
"../../../Engine/Content/EngineSky/T_Sky_Stars.uasset" 187
"../../../Engine/Content/EngineSky/T_Sky_Clouds_M.uasset" 188
"../../../Engine/Content/EngineSky/T_Sky_Blue.uasset" 189
"../../../Engine/Content/EngineSky/M_Sky_Panning_Clouds2.uasset" 190
"../../../Engine/Content/EngineSky/SM_SkySphere.uasset" 191
"../../../Engine/Content/EngineSky/C_Sky_Zenith_Color.uasset" 192
"../../../Engine/Content/EngineSky/C_Sky_Horizon_Color.uasset" 193
"../../../Engine/Content/EngineSky/C_Sky_Cloud_Color.uasset" 194
"../../../Engine/Content/EditorBlueprintResources/StandardMacros.uasset" 195
"../../../Engine/Content/EngineSky/BP_Sky_Sphere.uasset" 196
"../../../../../../Users/V8095238/Documents/GitHub/Rubiks_Cube_Game_Masters/Content/Dana_Sawdon/In-Game_HUD/PressE_UI.uasset" 197
"../../../Engine/Content/BasicShapes/Cube.uasset" 198
"../../../Engine/Content/BasicShapes/BasicShapeMaterial.uasset" 199
"../../../../../../Users/V8095238/Documents/GitHub/Rubiks_Cube_Game_Masters/Content/Calum_Bell/ParticleEffects/BP_TestingCube.uasset" 200
"../../../../../../Users/V8095238/Documents/GitHub/Rubiks_Cube_Game_Masters/Content/Sarah_Roddam/Audio/UI_SFX.uasset" 201
"../../../../../../Users/V8095238/Documents/GitHub/Rubiks_Cube_Game_Masters/Content/Sarah_Roddam/Audio/Level_SFX.uasset" 202
"../../../../../../Users/V8095238/Documents/GitHub/Rubiks_Cube_Game_Masters/Content/Sarah_Roddam/Audio/MasterSound.uasset" 203
"../../../../../../Users/V8095238/Documents/GitHub/Rubiks_Cube_Game_Masters/Content/Sarah_Roddam/Audio/Player_SFX.uasset" 204
"../../../../../../Users/V8095238/Documents/GitHub/Rubiks_Cube_Game_Masters/Content/Sarah_Roddam/Audio/PlayerSFX/Wood/Wood_MaterialChange.uasset" 205
"../../../../../../Users/V8095238/Documents/GitHub/Rubiks_Cube_Game_Masters/Content/Sarah_Roddam/Audio/PlayerSFX/Wood/Wood_MaterialChange_Cue.uasset" 206
"../../../../../../Users/V8095238/Documents/GitHub/Rubiks_Cube_Game_Masters/Content/Sarah_Roddam/Audio/PlayerSFX/Wood/Wood_BlockSpawn.uasset" 207
"../../../../../../Users/V8095238/Documents/GitHub/Rubiks_Cube_Game_Masters/Content/Sarah_Roddam/Audio/PlayerSFX/Wood/Wood_BlockSpawn_Cue.uasset" 208
"../../../../../../Users/V8095238/Documents/GitHub/Rubiks_Cube_Game_Masters/Content/Sarah_Roddam/Audio/PlayerSFX/Rubber/Rubber_MaterialChange.uasset" 209
"../../../../../../Users/V8095238/Documents/GitHub/Rubiks_Cube_Game_Masters/Content/Sarah_Roddam/Audio/PlayerSFX/Rubber/Rubber_MaterialChange_Cue.uasset" 210
"../../../../../../Users/V8095238/Documents/GitHub/Rubiks_Cube_Game_Masters/Content/Sarah_Roddam/Audio/PlayerSFX/Rubber/Rubber_Bounce.uasset" 211
"../../../../../../Users/V8095238/Documents/GitHub/Rubiks_Cube_Game_Masters/Content/Sarah_Roddam/Audio/PlayerSFX/Rubber/Rubber_Bounce_Cue.uasset" 212
"../../../../../../Users/V8095238/Documents/GitHub/Rubiks_Cube_Game_Masters/Content/Sarah_Roddam/Audio/PlayerSFX/Metal/Metal_MaterialChange.uasset" 213
"../../../../../../Users/V8095238/Documents/GitHub/Rubiks_Cube_Game_Masters/Content/Sarah_Roddam/Audio/PlayerSFX/Metal/Metal_MaterialChange_Cue.uasset" 214
"../../../../../../Users/V8095238/Documents/GitHub/Rubiks_Cube_Game_Masters/Content/Sarah_Roddam/Audio/PlayerSFX/Metal/Metal_Impact.uasset" 215
"../../../../../../Users/V8095238/Documents/GitHub/Rubiks_Cube_Game_Masters/Content/Sarah_Roddam/Audio/PlayerSFX/Metal/Metal_Impact_Cue.uasset" 216
"../../../../../../Users/V8095238/Documents/GitHub/Rubiks_Cube_Game_Masters/Content/Sarah_Roddam/Audio/PlayerSFX/Ice/Ice_MaterialChange.uasset" 217
"../../../../../../Users/V8095238/Documents/GitHub/Rubiks_Cube_Game_Masters/Content/Sarah_Roddam/Audio/PlayerSFX/Ice/Ice_MaterialChange_Cue.uasset" 218
"../../../../../../Users/V8095238/Documents/GitHub/Rubiks_Cube_Game_Masters/Content/Sarah_Roddam/Audio/PlayerSFX/Ice/Ice_FreezePower.uasset" 219
"../../../../../../Users/V8095238/Documents/GitHub/Rubiks_Cube_Game_Masters/Content/Sarah_Roddam/Audio/PlayerSFX/Ice/Ice_FreezePower_Cue.uasset" 220
"../../../../../../Users/V8095238/Documents/GitHub/Rubiks_Cube_Game_Masters/Content/Player_Character_Liam/World_Objects/ArrayStrcut.uasset" 221
"../../../../../../Users/V8095238/Documents/GitHub/Rubiks_Cube_Game_Masters/Content/Sarah_Roddam/Audio/UISFX/UI_Select.uasset" 222
"../../../../../../Users/V8095238/Documents/GitHub/Rubiks_Cube_Game_Masters/Content/Sarah_Roddam/Audio/UISFX/UI_Select_Cue.uasset" 223
"../../../../../../Users/V8095238/Documents/GitHub/Rubiks_Cube_Game_Masters/Content/Sarah_Roddam/Audio/UISFX/UI_Back.uasset" 224
"../../../../../../Users/V8095238/Documents/GitHub/Rubiks_Cube_Game_Masters/Content/Sarah_Roddam/Audio/UISFX/UI_Back_Cue.uasset" 225
"../../../../../../Users/V8095238/Documents/GitHub/Rubiks_Cube_Game_Masters/Content/Dana_Sawdon/In-Game_HUD/GameOver_UI.uasset" 226
"../../../../../../Users/V8095238/Documents/GitHub/Rubiks_Cube_Game_Masters/Content/Player_Character_Liam/Physics_materials/Wood.uasset" 227
"../../../../../../Users/V8095238/Documents/GitHub/Rubiks_Cube_Game_Masters/Content/Geometry/Meshes/CubeMaterial.uasset" 228
"../../../../../../Users/V8095238/Documents/GitHub/Rubiks_Cube_Game_Masters/Content/Geometry/Meshes/1M_Cube.uasset" 229
"../../../../../../Users/V8095238/Documents/GitHub/Rubiks_Cube_Game_Masters/Content/Geometry/Meshes/1M_Cube_DM.uasset" 230
"../../../../../../Users/V8095238/Documents/GitHub/Rubiks_Cube_Game_Masters/Content/Calum_Bell/Testing_Textures/Wood.uasset" 231
"../../../../../../Users/V8095238/Documents/GitHub/Rubiks_Cube_Game_Masters/Content/Calum_Bell/Testing_Textures/Normal_Map.uasset" 232
"../../../../../../Users/V8095238/Documents/GitHub/Rubiks_Cube_Game_Masters/Content/Calum_Bell/Testing_Materials/M_Wood.uasset" 233
"../../../../../../Users/V8095238/Documents/GitHub/Rubiks_Cube_Game_Masters/Content/Calum_Bell/Testing_Materials/Interior_Wood.uasset" 234
"../../../../../../Users/V8095238/Documents/GitHub/Rubiks_Cube_Game_Masters/Content/Cameron_McCabe/World_Interactions/BehindTheScenes/Wooden_Block.uasset" 235
"../../../../../../Users/V8095238/Documents/GitHub/Rubiks_Cube_Game_Masters/Content/Sarah_Roddam/Audio/LevelSFX/Water_Splash.uasset" 236
"../../../../../../Users/V8095238/Documents/GitHub/Rubiks_Cube_Game_Masters/Content/Sarah_Roddam/Audio/LevelSFX/Water_Splash_Cue.uasset" 237
"../../../../../../Users/V8095238/Documents/GitHub/Rubiks_Cube_Game_Masters/Content/Geometry/Meshes/water.uasset" 238
"../../../../../../Users/V8095238/Documents/GitHub/Rubiks_Cube_Game_Masters/Content/Cameron_McCabe/World_Interactions/BehindTheScenes/Puzzle.uasset" 239
"../../../../../../Users/V8095238/Documents/GitHub/Rubiks_Cube_Game_Masters/Content/Player_Character_Liam/Physics_materials/Rubber.uasset" 240
"../../../../../../Users/V8095238/Documents/GitHub/Rubiks_Cube_Game_Masters/Content/Player_Character_Liam/Physics_materials/Metal.uasset" 241
"../../../../../../Users/V8095238/Documents/GitHub/Rubiks_Cube_Game_Masters/Content/Player_Character_Liam/Physics_materials/Ice.uasset" 242
"../../../../../../Users/V8095238/Documents/GitHub/Rubiks_Cube_Game_Masters/Content/Calum_Bell/Testing_Materials/MI_Wood.uasset" 243
"../../../../../../Users/V8095238/Documents/GitHub/Rubiks_Cube_Game_Masters/Content/Calum_Bell/Testing_Materials/M_Rubber.uasset" 244
"../../../../../../Users/V8095238/Documents/GitHub/Rubiks_Cube_Game_Masters/Content/Calum_Bell/Testing_Materials/MI_Rubber.uasset" 245
"../../../../../../Users/V8095238/Documents/GitHub/Rubiks_Cube_Game_Masters/Content/Calum_Bell/Testing_Materials/M_Iron.uasset" 246
"../../../../../../Users/V8095238/Documents/GitHub/Rubiks_Cube_Game_Masters/Content/Calum_Bell/Testing_Materials/MI_Metal.uasset" 247
"../../../../../../Users/V8095238/Documents/GitHub/Rubiks_Cube_Game_Masters/Content/Calum_Bell/Testing_Materials/M_Ice.uasset" 248
"../../../../../../Users/V8095238/Documents/GitHub/Rubiks_Cube_Game_Masters/Content/Calum_Bell/Testing_Materials/MI_Ice.uasset" 249
"../../../../../../Users/V8095238/Documents/GitHub/Rubiks_Cube_Game_Masters/Content/Cameron_McCabe/Materials.uasset" 250
"../../../../../../Users/V8095238/Documents/GitHub/Rubiks_Cube_Game_Masters/Content/Player_Character_Liam/Material_Struct.uasset" 251
"../../../../../../Users/V8095238/Documents/GitHub/Rubiks_Cube_Game_Masters/Content/Player_Character_Liam/Material_Table.uasset" 252
"../../../../../../Users/V8095238/Documents/GitHub/Rubiks_Cube_Game_Masters/Content/Player_Character_Liam/World_Objects/Basic_Cube.uasset" 253
"../../../../../../Users/V8095238/Documents/GitHub/Rubiks_Cube_Game_Masters/Content/Player_Character_Liam/World_Objects/Water.uasset" 254
"../../../../../../Users/V8095238/Documents/GitHub/Rubiks_Cube_Game_Masters/Content/Cameron_McCabe/World_Interactions/BehindTheScenes/15_2.uasset" 255
"../../../../../../Users/V8095238/Documents/GitHub/Rubiks_Cube_Game_Masters/Content/Dana_Sawdon/UI/MainMenu/UI_LoadingScreen.uasset" 256
"../../../../../../Users/V8095238/Documents/GitHub/Rubiks_Cube_Game_Masters/Content/Cameron_McCabe/World_Interactions/BehindTheScenes/Untitled__3_.uasset" 257
"../../../Engine/Content/Functions/UserInterface/GetUserInterfaceUV.uasset" 258
"../../../../../../Users/V8095238/Documents/GitHub/Rubiks_Cube_Game_Masters/Content/Cameron_McCabe/World_Interactions/BehindTheScenes/CubeMaterial.uasset" 259
"../../../../../../Users/V8095238/Documents/GitHub/Rubiks_Cube_Game_Masters/Content/Cameron_McCabe/OutOfGameData/Time.uasset" 260
"../../../../../../Users/V8095238/Documents/GitHub/Rubiks_Cube_Game_Masters/Content/Cameron_McCabe/OutOfGameData/LevelData.uasset" 261
"../../../../../../Users/V8095238/Documents/GitHub/Rubiks_Cube_Game_Masters/Content/Cameron_McCabe/OutOfGameData/SaveAndunloading.uasset" 262
"../../../../../../Users/V8095238/Documents/GitHub/Rubiks_Cube_Game_Masters/Content/Cameron_McCabe/OutOfGameData/PuzzleSaveGame.uasset" 263
"../../../../../../Users/V8095238/Documents/GitHub/Rubiks_Cube_Game_Masters/Content/Cameron_McCabe/OutOfGameData/PuzzleInstance.uasset" 264
"../../../../../../Users/V8095238/Documents/GitHub/Rubiks_Cube_Game_Masters/Content/Cameron_McCabe/OutOfGameData/Level6.uasset" 265
"../../../../../../Users/V8095238/Documents/GitHub/Rubiks_Cube_Game_Masters/Content/Cameron_McCabe/OutOfGameData/Level5.uasset" 266
"../../../../../../Users/V8095238/Documents/GitHub/Rubiks_Cube_Game_Masters/Content/Cameron_McCabe/OutOfGameData/Level4.uasset" 267
"../../../../../../Users/V8095238/Documents/GitHub/Rubiks_Cube_Game_Masters/Content/Cameron_McCabe/OutOfGameData/Level3.uasset" 268
"../../../../../../Users/V8095238/Documents/GitHub/Rubiks_Cube_Game_Masters/Content/Cameron_McCabe/OutOfGameData/Level2.uasset" 269
"../../../../../../Users/V8095238/Documents/GitHub/Rubiks_Cube_Game_Masters/Content/Cameron_McCabe/OutOfGameData/Level1.uasset" 270
"../../../../../../Users/V8095238/Documents/GitHub/Rubiks_Cube_Game_Masters/Content/Cameron_McCabe/OutOfGameData/HighresScreenshot00002.uasset" 271
"../../../../../../Users/V8095238/Documents/GitHub/Rubiks_Cube_Game_Masters/Content/Cameron_McCabe/OutOfGameData/LevelDataTable.uasset" 272
"../../../../../../Users/V8095238/Documents/GitHub/Rubiks_Cube_Game_Masters/Content/Cameron_McCabe/World_Interactions/BehindTheScenes/EndLevel_UI1.uasset" 273
"../../../../../../Users/V8095238/Documents/GitHub/Rubiks_Cube_Game_Masters/Content/Dana_Sawdon/Images/colour3.uasset" 274
"../../../../../../Users/V8095238/Documents/GitHub/Rubiks_Cube_Game_Masters/Content/Dana_Sawdon/Images/colour2.uasset" 275
"../../../../../../Users/V8095238/Documents/GitHub/Rubiks_Cube_Game_Masters/Content/Dana_Sawdon/Images/cross1.uasset" 276
"../../../../../../Users/V8095238/Documents/GitHub/Rubiks_Cube_Game_Masters/Content/Dana_Sawdon/UI/Active_Game/UI_PauseMenu_4.uasset" 277
"../../../../../../Users/V8095238/Documents/GitHub/Rubiks_Cube_Game_Masters/Content/Sarah_Roddam/Audio/MasterMix.uasset" 278
"../../../../../../Users/V8095238/Documents/GitHub/Rubiks_Cube_Game_Masters/Content/Dana_Sawdon/UI/Active_Game/UI_PauseMenu_3.uasset" 279
"../../../../../../Users/V8095238/Documents/GitHub/Rubiks_Cube_Game_Masters/Content/Dana_Sawdon/UI/Active_Game/UI_PauseMenu_2.uasset" 280
"../../../../../../Users/V8095238/Documents/GitHub/Rubiks_Cube_Game_Masters/Content/Dana_Sawdon/UI/Active_Game/UI_PauseMenu_1.uasset" 281
"../../../../../../Users/V8095238/Documents/GitHub/Rubiks_Cube_Game_Masters/Content/Dana_Sawdon/UI/Active_Game/UI_PauseMenu.uasset" 282
"../../../../../../Users/V8095238/Documents/GitHub/Rubiks_Cube_Game_Masters/Content/Calum_Bell/ParticleEffects/M_LightningBeam.uasset" 283
"../../../../../../Users/V8095238/Documents/GitHub/Rubiks_Cube_Game_Masters/Content/Calum_Bell/ParticleEffects/PS_LightningTether.uasset" 284
"../../../../../../Users/V8095238/Documents/GitHub/Rubiks_Cube_Game_Masters/Content/Cameron_McCabe/BasicShapeMaterial1.uasset" 285
"../../../../../../Users/V8095238/Documents/GitHub/Rubiks_Cube_Game_Masters/Content/Cameron_McCabe/OutOfGameData/GhostCube.uasset" 286
"../../../../../../Users/V8095238/Documents/GitHub/Rubiks_Cube_Game_Masters/Content/Player_Character_Liam/Player_Character.uasset" 287
"../../../../../../Users/V8095238/Documents/GitHub/Rubiks_Cube_Game_Masters/Content/SideScrollerBP/Blueprints/SideScrollerGameMode.uasset" 288
"../../../../../../Users/V8095238/Documents/GitHub/Rubiks_Cube_Game_Masters/Content/Dana_Sawdon/In-Game_HUD/Timer_UI.uasset" 289
"../../../../../../Users/V8095238/Documents/GitHub/Rubiks_Cube_Game_Masters/Content/Dana_Sawdon/Images/Heart.uasset" 290
"../../../../../../Users/V8095238/Documents/GitHub/Rubiks_Cube_Game_Masters/Content/Dana_Sawdon/In-Game_HUD/HealthBar_UI.uasset" 291
"../../../../../../Users/V8095238/Documents/GitHub/Rubiks_Cube_Game_Masters/Content/Dana_Sawdon/In-Game_HUD/HUD.uasset" 292
"../../../../../../Users/V8095238/Documents/GitHub/Rubiks_Cube_Game_Masters/Content/Cameron_McCabe/World_Interactions/LevelPlaceableBlueprints/MaterialChanger.uasset" 293
"../../../Engine/Content/EngineMaterials/Grid.uasset" 294
"../../../Engine/Content/EditorMaterials/Thumbnails/FloorPlaneMaterial.uasset" 295
"../../../../../../Users/V8095238/Documents/GitHub/Rubiks_Cube_Game_Masters/Content/Cameron_McCabe/TotemPiece.uasset" 296
"../../../../../../Users/V8095238/Documents/GitHub/Rubiks_Cube_Game_Masters/Content/Cameron_McCabe/World_Interactions/BehindTheScenes/Totem_Piece.uasset" 297
"../../../../../../Users/V8095238/Documents/GitHub/Rubiks_Cube_Game_Masters/Content/Cameron_McCabe/World_Interactions/LevelPlaceableBlueprints/Puzzle_Totem.uasset" 298
"../../../../../../Users/V8095238/Documents/GitHub/Rubiks_Cube_Game_Masters/Content/Cameron_McCabe/World_Interactions/LevelPlaceableBlueprints/NextLevel.uasset" 299
"../../../../../../Users/V8095238/Documents/GitHub/Rubiks_Cube_Game_Masters/Content/Cameron_McCabe/World_Interactions/BehindTheScenes/Spawner.uasset" 300
"../../../../../../Users/V8095238/Documents/GitHub/Rubiks_Cube_Game_Masters/Content/Dana_Sawdon/Materials/BaseMat_Blue.uasset" 301
"../../../../../../Users/V8095238/Documents/GitHub/Rubiks_Cube_Game_Masters/Content/Cameron_McCabe/World_Interactions/LevelPlaceableBlueprints/Spawner.uasset" 302
"../../../../../../Users/V8095238/Documents/GitHub/Rubiks_Cube_Game_Masters/Content/Sarah_Roddam/Audio/LevelSFX/Electricity_Zap.uasset" 303
"../../../../../../Users/V8095238/Documents/GitHub/Rubiks_Cube_Game_Masters/Content/Sarah_Roddam/Audio/LevelSFX/Electricity_Zap_Cue.uasset" 304
"../../../../../../Users/V8095238/Documents/GitHub/Rubiks_Cube_Game_Masters/Content/Sarah_Roddam/Audio/LevelSFX/Electricity_Crackle.uasset" 305
"../../../../../../Users/V8095238/Documents/GitHub/Rubiks_Cube_Game_Masters/Content/Sarah_Roddam/Audio/LevelSFX/Electricity_Crackle_Cue.uasset" 306
"../../../Engine/Content/Functions/Engine_MaterialFunctions02/Utility/LinearSine.uasset" 307
"../../../Engine/Content/Functions/Engine_MaterialFunctions01/Gradient/RadialGradient.uasset" 308
"../../../../../../Users/V8095238/Documents/GitHub/Rubiks_Cube_Game_Masters/Content/Cameron_McCabe/TS_Fireworks/Materials/M_TS_FireworksSimple.uasset" 309
"../../../../../../Users/V8095238/Documents/GitHub/Rubiks_Cube_Game_Masters/Content/Cameron_McCabe/TS_Fireworks/Particles/PS_TS_FireworksShell_Palm1.uasset" 310
"../../../../../../Users/V8095238/Documents/GitHub/Rubiks_Cube_Game_Masters/Content/Cameron_McCabe/World_Interactions/LevelPlaceableBlueprints/Electricity_Puzzle.uasset" 311
"../../../../../../Users/V8095238/Documents/GitHub/Rubiks_Cube_Game_Masters/Content/Cameron_McCabe/IceboxTut.uasset" 312
"../../../../../../Users/V8095238/Documents/GitHub/Rubiks_Cube_Game_Masters/Content/Dana_Sawdon/Materials/BaseMat_Yellow.uasset" 313
"../../../../../../Users/V8095238/Documents/GitHub/Rubiks_Cube_Game_Masters/Content/Dana_Sawdon/Materials/BaseMat_Blue_3.uasset" 314
"../../../../../../Users/V8095238/Documents/GitHub/Rubiks_Cube_Game_Masters/Content/Cameron_McCabe/Level4_BuiltData.uasset" 315
"../../../../../../Users/V8095238/Documents/GitHub/Rubiks_Cube_Game_Masters/Content/Cameron_McCabe/Level4.umap" 316
"../../../../../../Users/V8095238/Documents/GitHub/Rubiks_Cube_Game_Masters/Content/Dana_Sawdon/Materials/BaseMat_Blue_2.uasset" 317
"../../../../../../Users/V8095238/Documents/GitHub/Rubiks_Cube_Game_Masters/Content/Dana_Sawdon/Blueprints/BP_SpinCube.uasset" 318
"../../../../../../Users/V8095238/Documents/GitHub/Rubiks_Cube_Game_Masters/Content/Dana_Sawdon/Maps/MainMenu_Map_BuiltData.uasset" 319
"../../../../../../Users/V8095238/Documents/GitHub/Rubiks_Cube_Game_Masters/Content/Cameron_McCabe/OutOfGameData/MainMenuController.uasset" 320
"../../../../../../Users/V8095238/Documents/GitHub/Rubiks_Cube_Game_Masters/Content/Cameron_McCabe/OutOfGameData/MainMenu.uasset" 321
"../../../../../../Users/V8095238/Documents/GitHub/Rubiks_Cube_Game_Masters/Content/Dana_Sawdon/Images/settings1.uasset" 322
"../../../../../../Users/V8095238/Documents/GitHub/Rubiks_Cube_Game_Masters/Content/Dana_Sawdon/Images/PlaySymbol.uasset" 323
"../../../../../../Users/V8095238/Documents/GitHub/Rubiks_Cube_Game_Masters/Content/Dana_Sawdon/UI/MainMenu/UI_MainMenu_5.uasset" 324
"../../../../../../Users/V8095238/Documents/GitHub/Rubiks_Cube_Game_Masters/Content/Dana_Sawdon/UI/MainMenu/UI_MainMenu_4.uasset" 325
"../../../../../../Users/V8095238/Documents/GitHub/Rubiks_Cube_Game_Masters/Content/Dana_Sawdon/UI/MainMenu/UI_MainMenu_3.uasset" 326
"../../../../../../Users/V8095238/Documents/GitHub/Rubiks_Cube_Game_Masters/Content/Dana_Sawdon/UI/MainMenu/UI_MainMenu_2.uasset" 327
"../../../../../../Users/V8095238/Documents/GitHub/Rubiks_Cube_Game_Masters/Content/Dana_Sawdon/UI/MainMenu/UI_MainMenu_1.uasset" 328
"../../../../../../Users/V8095238/Documents/GitHub/Rubiks_Cube_Game_Masters/Content/Cameron_McCabe/OutOfGameData/LevelSelector.uasset" 329
"../../../../../../Users/V8095238/Documents/GitHub/Rubiks_Cube_Game_Masters/Content/Cameron_McCabe/OutOfGameData/LevelSelect1.uasset" 330
"../../../../../../Users/V8095238/Documents/GitHub/Rubiks_Cube_Game_Masters/Content/Cameron_McCabe/OutOfGameData/LevelSelect.uasset" 331
"../../../../../../Users/V8095238/Documents/GitHub/Rubiks_Cube_Game_Masters/Content/Dana_Sawdon/UI/MainMenu/UI_MainMenu_0.uasset" 332
"../../../../../../Users/V8095238/Documents/GitHub/Rubiks_Cube_Game_Masters/Content/Dana_Sawdon/Maps/MainMenu_Map.umap" 333
"../../../../../../Users/V8095238/Documents/GitHub/Rubiks_Cube_Game_Masters/Content/StarterContent/Textures/T_Ground_Moss_N.uasset" 334
"../../../../../../Users/V8095238/Documents/GitHub/Rubiks_Cube_Game_Masters/Content/StarterContent/Textures/T_ground_Moss_D.uasset" 335
"../../../../../../Users/V8095238/Documents/GitHub/Rubiks_Cube_Game_Masters/Content/StarterContent/Textures/T_Perlin_Noise_M.uasset" 336
"../../../../../../Users/V8095238/Documents/GitHub/Rubiks_Cube_Game_Masters/Content/StarterContent/Textures/T_MacroVariation.uasset" 337
"../../../../../../Users/V8095238/Documents/GitHub/Rubiks_Cube_Game_Masters/Content/StarterContent/Materials/M_Ground_Moss.uasset" 338
"../../../../../../Users/V8095238/Documents/GitHub/Rubiks_Cube_Game_Masters/Content/StarterContent/Textures/T_Ground_Gravel_N.uasset" 339
"../../../../../../Users/V8095238/Documents/GitHub/Rubiks_Cube_Game_Masters/Content/StarterContent/Textures/T_Ground_Gravel_D.uasset" 340
"../../../../../../Users/V8095238/Documents/GitHub/Rubiks_Cube_Game_Masters/Content/StarterContent/Materials/M_Ground_Gravel.uasset" 341
"../../../../../../Users/V8095238/Documents/GitHub/Rubiks_Cube_Game_Masters/Content/Daniel_Jones/RubberBoxes.uasset" 342
"../../../../../../Users/V8095238/Documents/GitHub/Rubiks_Cube_Game_Masters/Content/Daniel_Jones/Level1_BuiltData.uasset" 343
"../../../../../../Users/V8095238/Documents/GitHub/Rubiks_Cube_Game_Masters/Content/StarterContent/Materials/M_Basic_Wall.uasset" 344
"../../../../../../Users/V8095238/Documents/GitHub/Rubiks_Cube_Game_Masters/Content/Daniel_Jones/Platform.uasset" 345
"../../../Engine/Content/MapTemplates/SM_Template_Map_Floor.uasset" 346
"../../../../../../Users/V8095238/Documents/GitHub/Rubiks_Cube_Game_Masters/Content/Daniel_Jones/Level1.umap" 347
"../../../../../../Users/V8095238/Documents/GitHub/Rubiks_Cube_Game_Masters/Content/Daniel_Jones/Level2_BuiltData.uasset" 348
"../../../../../../Users/V8095238/Documents/GitHub/Rubiks_Cube_Game_Masters/Content/Daniel_Jones/Level2.umap" 349
"../../../../../../Users/V8095238/Documents/GitHub/Rubiks_Cube_Game_Masters/Content/StarterContent/Textures/T_Concrete_Tiles_Variation_M.uasset" 350
"../../../../../../Users/V8095238/Documents/GitHub/Rubiks_Cube_Game_Masters/Content/StarterContent/Textures/T_Concrete_Tiles_N.uasset" 351
"../../../../../../Users/V8095238/Documents/GitHub/Rubiks_Cube_Game_Masters/Content/StarterContent/Textures/T_Concrete_Tiles_M.uasset" 352
"../../../../../../Users/V8095238/Documents/GitHub/Rubiks_Cube_Game_Masters/Content/StarterContent/Textures/T_Concrete_Tiles_D.uasset" 353
"../../../../../../Users/V8095238/Documents/GitHub/Rubiks_Cube_Game_Masters/Content/StarterContent/Materials/M_Concrete_Tiles.uasset" 354
"../../../../../../Users/V8095238/Documents/GitHub/Rubiks_Cube_Game_Masters/Content/StarterContent/Materials/M_Basic_Floor.uasset" 355
"../../../../../../Users/V8095238/Documents/GitHub/Rubiks_Cube_Game_Masters/Content/Daniel_Jones/Level3_BuiltData.uasset" 356
"../../../../../../Users/V8095238/Documents/GitHub/Rubiks_Cube_Game_Masters/Content/Player_Character_Liam/World_Objects/Magnet.uasset" 357
"../../../../../../Users/V8095238/Documents/GitHub/Rubiks_Cube_Game_Masters/Content/Daniel_Jones/Level3.umap" 358
"../../../../../../Users/V8095238/Documents/GitHub/Rubiks_Cube_Game_Masters/Content/Kieran_Frank/Texture/Hill.uasset" 359
"../../../../../../Users/V8095238/Documents/GitHub/Rubiks_Cube_Game_Masters/Content/Kieran_Frank/Texture/Hill_2D.uasset" 360
"../../../../../../Users/V8095238/Documents/GitHub/Rubiks_Cube_Game_Masters/Content/Kieran_Frank/Texture/Bush.uasset" 361
"../../../../../../Users/V8095238/Documents/GitHub/Rubiks_Cube_Game_Masters/Content/Kieran_Frank/Texture/Bush_2D.uasset" 362
"../../../../../../Users/V8095238/Documents/GitHub/Rubiks_Cube_Game_Masters/Content/Kieran_Frank/Texture/Dirt_T.uasset" 363
"../../../../../../Users/V8095238/Documents/GitHub/Rubiks_Cube_Game_Masters/Content/Kieran_Frank/Meterials/Dirt_M.uasset" 364
"../../../../../../Users/V8095238/Documents/GitHub/Rubiks_Cube_Game_Masters/Content/Kieran_Frank/LevelSequence/Controller.uasset" 365
"../../../../../../Users/V8095238/Documents/GitHub/Rubiks_Cube_Game_Masters/Content/Kieran_Frank/Levels/Linear_Stair_Brush2_StaticMesh.uasset" 366
"../../../../../../Users/V8095238/Documents/GitHub/Rubiks_Cube_Game_Masters/Content/Kieran_Frank/Levels/Stairs_Blueprint.uasset" 367
"../../../../../../Users/V8095238/Documents/GitHub/Rubiks_Cube_Game_Masters/Content/Kieran_Frank/Levels/Level_Static_Mesh.uasset" 368
"../../../../../../Users/V8095238/Documents/GitHub/Rubiks_Cube_Game_Masters/Content/Kieran_Frank/Levels/Level_BP.uasset" 369
"../../../../../../Users/V8095238/Documents/GitHub/Rubiks_Cube_Game_Masters/Content/Kieran_Frank/Levels/Level8_BuiltData.uasset" 370
"../../../../../../Users/V8095238/Documents/GitHub/Rubiks_Cube_Game_Masters/Content/Sarah_Roddam/Audio/LevelSFX/Fire_Torch.uasset" 371
"../../../../../../Users/V8095238/Documents/GitHub/Rubiks_Cube_Game_Masters/Content/Sarah_Roddam/Audio/LevelSFX/Fire_Torch_Cue.uasset" 372
"../../../Engine/Content/BasicShapes/Sphere.uasset" 373
"../../../../../../Users/V8095238/Documents/GitHub/Rubiks_Cube_Game_Masters/Content/Kieran_Frank/Meterials/Fire_M.uasset" 374
"../../../../../../Users/V8095238/Documents/GitHub/Rubiks_Cube_Game_Masters/Content/Kieran_Frank/Blueprints/Torch_BP.uasset" 375
"../../../../../../Users/V8095238/Documents/GitHub/Rubiks_Cube_Game_Masters/Content/Sarah_Roddam/Audio/LevelSFX/Fire_Crackle.uasset" 376
"../../../../../../Users/V8095238/Documents/GitHub/Rubiks_Cube_Game_Masters/Content/Sarah_Roddam/Audio/LevelSFX/Fire_Crackle_Cue.uasset" 377
"../../../../../../Users/V8095238/Documents/GitHub/Rubiks_Cube_Game_Masters/Content/Kieran_Frank/Blueprints/Fire_Pit_BP.uasset" 378
"../../../../../../Users/V8095238/Documents/GitHub/Rubiks_Cube_Game_Masters/Content/Cameron_McCabe/World_Interactions/BehindTheScenes/Windmill_Mesh.uasset" 379
"../../../../../../Users/V8095238/Documents/GitHub/Rubiks_Cube_Game_Masters/Content/Cameron_McCabe/World_Interactions/LevelPlaceableBlueprints/Motorized_Windmill.uasset" 380
"../../../../../../Users/V8095238/Documents/GitHub/Rubiks_Cube_Game_Masters/Content/Kieran_Frank/Levels/Level8.umap" 381
"../../../../../../Users/V8095238/Documents/GitHub/Rubiks_Cube_Game_Masters/Content/Sarah_Roddam/StaticMesh.uasset" 382
"../../../../../../Users/V8095238/Documents/GitHub/Rubiks_Cube_Game_Masters/Content/Sarah_Roddam/NewBlueprint.uasset" 383
"../../../../../../Users/V8095238/Documents/GitHub/Rubiks_Cube_Game_Masters/Content/Sarah_Roddam/Ice_Level/seamless-ice-snow_640v640.uasset" 384
"../../../Engine/Content/EngineMaterials/DefaultPhysicalMaterial.uasset" 385
"../../../../../../Users/V8095238/Documents/GitHub/Rubiks_Cube_Game_Masters/Content/Sarah_Roddam/Ice_Level/M_SnowyMountain.uasset" 386
"../../../../../../Users/V8095238/Documents/GitHub/Rubiks_Cube_Game_Masters/Content/Sarah_Roddam/Ice_Level/Level5_BuiltData.uasset" 387
"../../../Engine/Content/Functions/Engine_MaterialFunctions01/Density/ExponentialDensity.uasset" 388
"../../../Engine/Content/Functions/Engine_MaterialFunctions01/Gradient/RadialGradientExponential.uasset" 389
"../../../../../../Users/V8095238/Documents/GitHub/Rubiks_Cube_Game_Masters/Content/Sarah_Roddam/Ice_Level/M_Snow.uasset" 390
"../../../../../../Users/V8095238/Documents/GitHub/Rubiks_Cube_Game_Masters/Content/Sarah_Roddam/Ice_Level/P_Snow.uasset" 391
"../../../../../../Users/V8095238/Documents/GitHub/Rubiks_Cube_Game_Masters/Content/Cameron_McCabe/World_Interactions/LevelPlaceableBlueprints/SpawnerAOE.uasset" 392
"../../../../../../Users/V8095238/Documents/GitHub/Rubiks_Cube_Game_Masters/Content/Sarah_Roddam/Ice_Level/Level5.umap" 393
"../../../../../../Users/V8095238/Documents/GitHub/Rubiks_Cube_Game_Masters/Content/Sarah_Roddam/Ice_Level/Level6_BuiltData.uasset" 394
"../../../../../../Users/V8095238/Documents/GitHub/Rubiks_Cube_Game_Masters/Content/Sarah_Roddam/Ice_Level/DeathZoneTrigger.uasset" 395
"../../../../../../Users/V8095238/Documents/GitHub/Rubiks_Cube_Game_Masters/Content/Cameron_McCabe/World_Interactions/LevelPlaceableBlueprints/BreakableIce.uasset" 396
"../../../../../../Users/V8095238/Documents/GitHub/Rubiks_Cube_Game_Masters/Content/Sarah_Roddam/Audio/LevelSFX/Fan_Ambience.uasset" 397
"../../../../../../Users/V8095238/Documents/GitHub/Rubiks_Cube_Game_Masters/Content/Sarah_Roddam/Audio/LevelSFX/Fan_Ambience_Cue.uasset" 398
"../../../../../../Users/V8095238/Documents/GitHub/Rubiks_Cube_Game_Masters/Content/Cameron_McCabe/World_Interactions/LevelPlaceableBlueprints/Windmill.uasset" 399
"../../../../../../Users/V8095238/Documents/GitHub/Rubiks_Cube_Game_Masters/Content/Cameron_McCabe/LPGenericPropsSet04/Meshes/RoofEquipment/Ventilation/SM_VentilationSet01Propeller.uasset" 400
"../../../../../../Users/V8095238/Documents/GitHub/Rubiks_Cube_Game_Masters/Content/Cameron_McCabe/OutOfGameData/FanRotor.uasset" 401
"../../../../../../Users/V8095238/Documents/GitHub/Rubiks_Cube_Game_Masters/Content/Cameron_McCabe/World_Interactions/LevelPlaceableBlueprints/Fan.uasset" 402
"../../../../../../Users/V8095238/Documents/GitHub/Rubiks_Cube_Game_Masters/Content/Sarah_Roddam/Ice_Level/Level6.umap" 403
"../../../Engine/Content/Maps/Entry_BuiltData.uasset" 404
"../../../Engine/Content/Maps/Entry.umap" 405
